\BOOKMARK [1][-]{section.1}{\376\377\176\352\213\272}{}% 1
\BOOKMARK [2][-]{subsection.1.1}{\376\377\170\024\172\166\200\314\146\157\116\016\141\017\116\111}{section.1}% 2
\BOOKMARK [2][-]{subsection.1.2}{\376\377\170\024\172\166\163\260\162\266}{section.1}% 3
\BOOKMARK [2][-]{subsection.1.3}{\376\377\170\024\172\166\225\356\230\230\116\016\143\021\142\030}{section.1}% 4
\BOOKMARK [2][-]{subsection.1.4}{\376\377\147\054\145\207\135\345\117\134\116\016\215\041\163\056}{section.1}% 5
\BOOKMARK [2][-]{subsection.1.5}{\376\377\213\272\145\207\176\323\147\204}{section.1}% 6
\BOOKMARK [1][-]{section.2}{\376\377\166\370\121\163\135\345\117\134\116\016\142\200\147\057\127\372\170\100}{}% 7
\BOOKMARK [2][-]{subsection.2.1}{\376\377\117\040\176\337\154\064\116\013\130\236\137\072\145\271\154\325}{section.2}% 8
\BOOKMARK [2][-]{subsection.2.2}{\376\377\166\321\167\143\133\146\116\140\145\271\154\325}{section.2}% 9
\BOOKMARK [2][-]{subsection.2.3}{\376\377\145\340\166\321\167\143\145\271\154\325\116\016\000\040\000C\000y\000c\000l\000e\000G\000A\000N}{section.2}% 10
\BOOKMARK [1][-]{section.3}{\376\377\145\271\154\325\377\032\000M\000P\000-\000C\000y\000c\000l\000e\000G\000A\000N}{}% 11
\BOOKMARK [2][-]{subsection.3.1}{\376\377\145\164\117\123\150\106\147\266}{section.3}% 12
\BOOKMARK [2][-]{subsection.3.2}{\376\377\127\372\170\100\143\137\131\061\377\010\000C\000y\000c\000l\000e\000G\000A\000N\377\011}{section.3}% 13
\BOOKMARK [2][-]{subsection.3.3}{\376\377\131\032\141\037\167\345\201\352\166\321\167\143\143\137\131\061\377\010\000M\000P\377\011}{section.3}% 14
\BOOKMARK [3][-]{subsubsection.3.3.1}{\376\377\160\160\116\026\165\114\143\137\131\061\377\010\162\151\164\006\176\246\147\137\377\011}{subsection.3.3}% 15
\BOOKMARK [3][-]{subsubsection.3.3.2}{\376\377\176\323\147\204\116\000\201\364\140\047\143\137\131\061\377\010\150\257\136\246\176\246\147\137\377\011}{subsection.3.3}% 16
\BOOKMARK [3][-]{subsubsection.3.3.3}{\376\377\141\037\167\345\143\137\131\061\377\010\155\361\134\102\162\171\137\201\176\246\147\137\377\011}{subsection.3.3}% 17
\BOOKMARK [3][-]{subsubsection.3.3.4}{\376\377\230\234\202\162\176\337\213\241\116\000\201\364\140\047\143\137\131\061\377\010\121\150\134\100\176\337\213\241\176\246\147\137\377\011}{subsection.3.3}% 18
\BOOKMARK [3][-]{subsubsection.3.3.5}{\376\377\143\137\131\061\230\171\123\117\124\014\121\163\174\373\116\016\147\103\221\315\213\276\177\156}{subsection.3.3}% 19
\BOOKMARK [2][-]{subsection.3.4}{\376\377\135\345\172\013\133\236\163\260\211\201\160\271}{section.3}% 20
\BOOKMARK [1][-]{section.4}{\376\377\133\236\232\214\213\276\213\241\116\016\176\323\147\234\122\006\147\220}{}% 21
\BOOKMARK [2][-]{subsection.4.1}{\376\377\145\160\143\156\226\306\116\016\213\304\155\113\123\117\213\256}{section.4}% 22
\BOOKMARK [3][-]{subsubsection.4.1.1}{\376\377\000E\000U\000V\000P\377\010\124\014\127\337\213\304\155\113\377\011}{subsection.4.1}% 23
\BOOKMARK [3][-]{subsubsection.4.1.2}{\376\377\000U\000I\000E\000B\377\010\215\350\127\337\154\333\123\026\155\113\213\325\377\011}{subsection.4.1}% 24
\BOOKMARK [2][-]{subsection.4.2}{\376\377\213\304\116\367\143\007\150\007}{section.4}% 25
\BOOKMARK [2][-]{subsection.4.3}{\376\377\176\337\213\241\213\276\177\156\116\016\177\156\117\341\123\072\225\364}{section.4}% 26
\BOOKMARK [2][-]{subsection.4.4}{\376\377\116\073\176\323\147\234\377\010\000E\000U\000V\000P\000\040\124\014\127\337\213\304\155\113\377\011}{section.4}% 27
\BOOKMARK [2][-]{subsection.4.5}{\376\377\155\210\207\215\133\236\232\214\377\010\134\017\230\204\173\227\215\350\127\337\213\276\177\156\377\011}{section.4}% 28
\BOOKMARK [2][-]{subsection.4.6}{\376\377\211\306\211\311\133\371\153\324\116\016\230\234\202\162\122\006\136\003\122\006\147\220}{section.4}% 29
\BOOKMARK [2][-]{subsection.4.7}{\376\377\146\364\131\032\133\232\140\047\176\323\147\234\134\125\171\072}{section.4}% 30
\BOOKMARK [2][-]{subsection.4.8}{\376\377\116\016\163\260\147\011\145\271\154\325\133\371\153\324\377\010\123\302\200\003\134\125\171\072\377\011}{section.4}% 31
\BOOKMARK [2][-]{subsection.4.9}{\376\377\215\350\127\337\154\333\123\026\140\047\155\113\213\325\377\010\000E\000U\000V\000P\000-\000>\000U\000I\000E\000B\377\011}{section.4}% 32
\BOOKMARK [2][-]{subsection.4.10}{\376\377\176\323\147\234\213\250\213\272}{section.4}% 33
\BOOKMARK [2][-]{subsection.4.11}{\376\377\145\110\163\207\116\016\215\104\156\220\137\000\225\000\122\006\147\220}{section.4}% 34
\BOOKMARK [2][-]{subsection.4.12}{\376\377\213\357\135\356\147\145\156\220\116\016\157\134\127\050\131\061\215\045\152\041\137\017}{section.4}% 35
\BOOKMARK [2][-]{subsection.4.13}{\376\377\147\054\172\340\134\017\176\323}{section.4}% 36
\BOOKMARK [1][-]{section.5}{\376\377\176\323\213\272\116\016\134\125\147\033}{}% 37
\BOOKMARK [2][-]{subsection.5.1}{\376\377\176\323\213\272}{section.5}% 38
\BOOKMARK [2][-]{subsection.5.2}{\376\377\134\125\147\033}{section.5}% 39
\BOOKMARK [1][-]{Item.8}{\376\377\123\302\200\003\145\207\163\056}{}% 40
\BOOKMARK [1][-]{appendix.A}{\376\377\131\015\163\260\213\364\146\016\116\016\124\175\116\344}{}% 41
\BOOKMARK [2][-]{subsection.A.1}{\376\377\143\007\150\007\147\145\156\220\377\010\121\163\225\056\000\040\000s\000u\000m\000m\000a\000r\000y\000.\000j\000s\000o\000n\377\011}{appendix.A}% 42
\BOOKMARK [2][-]{subsection.A.2}{\376\377\143\250\164\006\116\016\213\304\155\113\124\175\116\344\377\010\000W\000i\000n\000d\000o\000w\000s\000\040\000/\000\040\000P\000o\000w\000e\000r\000S\000h\000e\000l\000l\377\011}{appendix.A}% 43
\BOOKMARK [2][-]{subsection.A.3}{\376\377\213\272\145\207\126\376\210\150\165\037\142\020}{appendix.A}% 44
